2603340	falsetrack
2614436	truetrack
2616772	falsetrack
2618596	truetrack
2615552	falsetrack
2622528	truetrack
2611800	falsetrack
2602224	truetrack
2553848	falsetrack
2586384	truetrack
2597532	falsetrack
2611752	truetrack
2615360	falsetrack
2616388	truetrack
2617592	falsetrack
2616916	truetrack
2611216	falsetrack
2618968	truetrack
2606336	falsetrack
2607676	truetrack
2616260	falsetrack
2617456	truetrack
2613272	falsetrack
2615916	truetrack
2616884	falsetrack
2607380	truetrack
2605904	falsetrack
2616540	truetrack
2527944	falsetrack
2618468	truetrack
2617576	falsetrack
2612136	truetrack
2602580	falsetrack
2617192	truetrack
2606644	falsetrack
2609748	truetrack
2612228	falsetrack
2610880	truetrack
2602272	falsetrack
2607216	truetrack
2559452	falsetrack
2464780	truetrack
2567512	falsetrack
2604416	truetrack
2556284	falsetrack
2557240	truetrack
2522404	falsetrack
2574868	truetrack
2556164	falsetrack
2586224	truetrack
2589272	falsetrack
2583616	truetrack
2585648	falsetrack
2542280	truetrack
2556160	falsetrack
2590420	truetrack
2594400	falsetrack
2533220	truetrack
2486944	falsetrack
2504504	truetrack
2482408	falsetrack
2530460	truetrack
2600256	falsetrack
2592340	truetrack
2611880	falsetrack
2618856	truetrack
2608632	falsetrack
2505872	truetrack
2604300	falsetrack
2618600	truetrack
2607916	falsetrack
2616900	truetrack
2608848	falsetrack
2615772	truetrack
2617304	falsetrack
2618696	truetrack
2615228	falsetrack
2616880	truetrack
2607476	falsetrack
2621872	truetrack
2608344	falsetrack
2604084	truetrack
2617712	falsetrack
2601316	truetrack
2613380	falsetrack
2608596	truetrack
2604848	falsetrack
2545796	truetrack
2615940	falsetrack
2616804	truetrack
2620180	falsetrack
2611808	truetrack
2619276	falsetrack
2619048	truetrack
2606652	falsetrack
2617724	truetrack
2613476	falsetrack
2601428	truetrack
2606116	falsetrack
2620896	truetrack
2608984	falsetrack
2615016	truetrack
2608000	falsetrack
2618400	truetrack
2613504	falsetrack
2608572	truetrack
2603976	falsetrack
2547324	truetrack
2599848	falsetrack
2616684	truetrack
2619936	falsetrack
2613424	truetrack
2607392	falsetrack
2605932	truetrack
2616904	falsetrack
2606468	truetrack
2607240	falsetrack
2613472	truetrack
2617860	falsetrack
2612852	truetrack
2618748	falsetrack
2615232	truetrack
2619124	falsetrack
2616080	truetrack
2606088	falsetrack
2607028	truetrack
2618604	falsetrack
2550412	truetrack
2610872	falsetrack
2619188	truetrack
2609516	falsetrack
2612824	truetrack
2616580	falsetrack
2618816	truetrack
2611568	falsetrack
2610452	truetrack
2613456	falsetrack
2610148	truetrack
2611900	falsetrack
2621020	truetrack
2617724	falsetrack
2608028	truetrack
2613260	falsetrack
2616996	truetrack
2602928	falsetrack
2606808	truetrack
2609856	falsetrack
2569856	truetrack
2602044	falsetrack
2610912	truetrack
2606768	falsetrack
2619224	truetrack
2613520	falsetrack
2602744	truetrack
2618536	falsetrack
2600780	truetrack
2614260	falsetrack
2617016	truetrack
2608108	falsetrack
2613520	truetrack
2608796	falsetrack
2602536	truetrack
2608064	falsetrack
2617192	truetrack
2616064	falsetrack
2571872	truetrack
2617440	falsetrack
2609572	truetrack
2595680	falsetrack
2619672	truetrack
2620000	falsetrack
2614860	truetrack
2605620	falsetrack
2619216	truetrack
2615212	falsetrack
2619736	truetrack
2604176	falsetrack
2617676	truetrack
2601840	falsetrack
2615888	truetrack
2617740	falsetrack
2620580	truetrack
2608400	falsetrack
2609440	truetrack
2616032	falsetrack
2618872	truetrack
2618392	falsetrack
2617388	truetrack
2562972	falsetrack
2620692	truetrack
2619736	falsetrack
2618788	truetrack
2607432	falsetrack
2613352	truetrack
2613812	falsetrack
2619792	truetrack
2604904	falsetrack
2620860	truetrack
2615412	falsetrack
2617020	truetrack
